0:0:0:0:0:0:0:1 - - [30/Jan/2017:18:46:20 -0800] "GET /post HTTP/1.1" 200 12
0:0:0:0:0:0:0:1 - - [30/Jan/2017:18:46:20 -0800] "GET /favicon.ico HTTP/1.1" 200 946
0:0:0:0:0:0:0:1 - - [30/Jan/2017:18:46:21 -0800] "GET /post HTTP/1.1" 200 12
0:0:0:0:0:0:0:1 - - [30/Jan/2017:18:46:21 -0800] "GET /favicon.ico HTTP/1.1" 200 946
0:0:0:0:0:0:0:1 - - [30/Jan/2017:18:47:05 -0800] "GET /post HTTP/1.1" 200 12
0:0:0:0:0:0:0:1 - - [30/Jan/2017:18:47:05 -0800] "GET /favicon.ico HTTP/1.1" 200 946
0:0:0:0:0:0:0:1 - - [30/Jan/2017:18:49:01 -0800] "POST /post?messageBody=my%20first%20message HTTP/1.1" 415 308
0:0:0:0:0:0:0:1 - - [30/Jan/2017:18:49:57 -0800] "GET /post HTTP/1.1" 200 12
0:0:0:0:0:0:0:1 - - [30/Jan/2017:18:49:57 -0800] "GET /favicon.ico HTTP/1.1" 200 946
0:0:0:0:0:0:0:1 - - [30/Jan/2017:18:51:13 -0800] "POST /course?prefix=CPE&number=300&title=ethics HTTP/1.1" 415 310
0:0:0:0:0:0:0:1 - - [30/Jan/2017:18:51:37 -0800] "POST /course HTTP/1.1" 415 310
0:0:0:0:0:0:0:1 - - [30/Jan/2017:18:54:31 -0800] "POST /course HTTP/1.1" 415 310
0:0:0:0:0:0:0:1 - - [30/Jan/2017:18:54:53 -0800] "POST /course HTTP/1.1" 415 310
0:0:0:0:0:0:0:1 - - [30/Jan/2017:18:55:47 -0800] "POST /course HTTP/1.1" 415 310
0:0:0:0:0:0:0:1 - - [30/Jan/2017:18:57:05 -0800] "POST /course HTTP/1.1" 200 68
0:0:0:0:0:0:0:1 - - [30/Jan/2017:18:57:15 -0800] "GET /course HTTP/1.1" 200 326
0:0:0:0:0:0:0:1 - - [30/Jan/2017:18:57:44 -0800] "POST /post HTTP/1.1" 400 825
0:0:0:0:0:0:0:1 - - [30/Jan/2017:18:58:00 -0800] "GET /post HTTP/1.1" 200 12
0:0:0:0:0:0:0:1 - - [30/Jan/2017:18:58:17 -0800] "POST /post HTTP/1.1" 400 825
0:0:0:0:0:0:0:1 - - [30/Jan/2017:18:58:26 -0800] "POST /post HTTP/1.1" 400 825
0:0:0:0:0:0:0:1 - - [30/Jan/2017:19:01:46 -0800] "POST /post HTTP/1.1" 400 825
0:0:0:0:0:0:0:1 - - [30/Jan/2017:19:02:51 -0800] "POST /course HTTP/1.1" 200 68
0:0:0:0:0:0:0:1 - - [30/Jan/2017:19:03:18 -0800] "POST /post HTTP/1.1" 400 825
0:0:0:0:0:0:0:1 - - [30/Jan/2017:19:04:39 -0800] "POST /post HTTP/1.1" 200 39
0:0:0:0:0:0:0:1 - - [30/Jan/2017:19:04:42 -0800] "GET /post HTTP/1.1" 200 41
0:0:0:0:0:0:0:1 - - [30/Jan/2017:19:04:43 -0800] "GET /favicon.ico HTTP/1.1" 200 946
0:0:0:0:0:0:0:1 - - [30/Jan/2017:19:19:40 -0800] "POST /post HTTP/1.1" 200 77
0:0:0:0:0:0:0:1 - - [30/Jan/2017:19:20:18 -0800] "GET /post HTTP/1.1" 200 108
0:0:0:0:0:0:0:1 - - [30/Jan/2017:19:23:02 -0800] "GET /post/1 HTTP/1.1" 200 39
0:0:0:0:0:0:0:1 - - [30/Jan/2017:19:23:05 -0800] "GET /post/2 HTTP/1.1" 200 77
0:0:0:0:0:0:0:1 - - [30/Jan/2017:19:23:13 -0800] "GET /post/2 HTTP/1.1" 200 77
0:0:0:0:0:0:0:1 - - [30/Jan/2017:19:24:12 -0800] "POST /post/2 HTTP/1.1" 405 222
0:0:0:0:0:0:0:1 - - [30/Jan/2017:19:26:49 -0800] "PUT /post/2 HTTP/1.1" 200 61
0:0:0:0:0:0:0:1 - - [30/Jan/2017:19:27:18 -0800] "GET /post/2 HTTP/1.1" 200 61
